{"/Users/brunorivolta/Dropbox/Projetos/API_FilmeseSeries_Mongo/src/app.js": {"path":"/Users/brunorivolta/Dropbox/Projetos/API_FilmeseSeries_Mongo/src/app.js","statementMap":{"0":{"start":{"line":7,"column":0},"end":{"line":7,"column":76}},"1":{"start":{"line":8,"column":0},"end":{"line":10,"column":2}},"2":{"start":{"line":9,"column":4},"end":{"line":9,"column":50}},"3":{"start":{"line":12,"column":12},"end":{"line":12,"column":21}},"4":{"start":{"line":14,"column":0},"end":{"line":14,"column":23}},"5":{"start":{"line":16,"column":0},"end":{"line":23,"column":2}},"6":{"start":{"line":17,"column":1},"end":{"line":17,"column":50}},"7":{"start":{"line":18,"column":1},"end":{"line":21,"column":2}},"8":{"start":{"line":22,"column":1},"end":{"line":22,"column":7}},"9":{"start":{"line":27,"column":0},"end":{"line":27,"column":11}}},"fnMap":{"0":{"name":"(anonymous_0)","decl":{"start":{"line":8,"column":16},"end":{"line":8,"column":17}},"loc":{"start":{"line":8,"column":22},"end":{"line":10,"column":1}},"line":8},"1":{"name":"(anonymous_1)","decl":{"start":{"line":16,"column":8},"end":{"line":16,"column":9}},"loc":{"start":{"line":16,"column":33},"end":{"line":23,"column":1}},"line":16}},"branchMap":{},"s":{"0":3,"1":3,"2":3,"3":3,"4":3,"5":3,"6":15,"7":15,"8":15,"9":3},"f":{"0":3,"1":15},"b":{},"_coverageSchema":"1a1c01bbd47fc00a2c39e90264f33305004495a9","hash":"80e62e3d4c3e127120eb6cc7ba02a157d1a01c5e"}
,"/Users/brunorivolta/Dropbox/Projetos/API_FilmeseSeries_Mongo/src/config/dbConnect.js": {"path":"/Users/brunorivolta/Dropbox/Projetos/API_FilmeseSeries_Mongo/src/config/dbConnect.js","statementMap":{"0":{"start":{"line":3,"column":0},"end":{"line":3,"column":97}},"1":{"start":{"line":5,"column":9},"end":{"line":5,"column":28}}},"fnMap":{},"branchMap":{},"s":{"0":3,"1":3},"f":{},"b":{},"_coverageSchema":"1a1c01bbd47fc00a2c39e90264f33305004495a9","hash":"a0c87dd973614280d0cb2c5dca404a9a51e14e01"}
,"/Users/brunorivolta/Dropbox/Projetos/API_FilmeseSeries_Mongo/src/controllers/channelsController.js": {"path":"/Users/brunorivolta/Dropbox/Projetos/API_FilmeseSeries_Mongo/src/controllers/channelsController.js","statementMap":{"0":{"start":{"line":5,"column":26},"end":{"line":13,"column":5}},"1":{"start":{"line":6,"column":8},"end":{"line":12,"column":9}},"2":{"start":{"line":7,"column":32},"end":{"line":7,"column":53}},"3":{"start":{"line":8,"column":12},"end":{"line":8,"column":45}},"4":{"start":{"line":10,"column":12},"end":{"line":10,"column":30}},"5":{"start":{"line":11,"column":12},"end":{"line":11,"column":53}},"6":{"start":{"line":15,"column":29},"end":{"line":24,"column":5}},"7":{"start":{"line":16,"column":8},"end":{"line":23,"column":9}},"8":{"start":{"line":17,"column":23},"end":{"line":17,"column":36}},"9":{"start":{"line":18,"column":28},"end":{"line":18,"column":61}},"10":{"start":{"line":19,"column":12},"end":{"line":19,"column":41}},"11":{"start":{"line":21,"column":12},"end":{"line":21,"column":30}},"12":{"start":{"line":22,"column":12},"end":{"line":22,"column":53}},"13":{"start":{"line":26,"column":24},"end":{"line":35,"column":5}},"14":{"start":{"line":27,"column":8},"end":{"line":34,"column":9}},"15":{"start":{"line":28,"column":31},"end":{"line":28,"column":53}},"16":{"start":{"line":29,"column":12},"end":{"line":29,"column":29}},"17":{"start":{"line":30,"column":12},"end":{"line":30,"column":75}},"18":{"start":{"line":32,"column":12},"end":{"line":32,"column":30}},"19":{"start":{"line":33,"column":12},"end":{"line":33,"column":53}},"20":{"start":{"line":37,"column":27},"end":{"line":47,"column":5}},"21":{"start":{"line":38,"column":8},"end":{"line":46,"column":9}},"22":{"start":{"line":39,"column":23},"end":{"line":39,"column":36}},"23":{"start":{"line":40,"column":27},"end":{"line":40,"column":35}},"24":{"start":{"line":41,"column":34},"end":{"line":41,"column":84}},"25":{"start":{"line":42,"column":12},"end":{"line":42,"column":75}},"26":{"start":{"line":44,"column":12},"end":{"line":44,"column":30}},"27":{"start":{"line":45,"column":12},"end":{"line":45,"column":53}},"28":{"start":{"line":49,"column":27},"end":{"line":58,"column":5}},"29":{"start":{"line":50,"column":8},"end":{"line":57,"column":9}},"30":{"start":{"line":51,"column":23},"end":{"line":51,"column":36}},"31":{"start":{"line":52,"column":34},"end":{"line":52,"column":76}},"32":{"start":{"line":53,"column":12},"end":{"line":53,"column":83}},"33":{"start":{"line":55,"column":12},"end":{"line":55,"column":30}},"34":{"start":{"line":56,"column":12},"end":{"line":56,"column":53}}},"fnMap":{"0":{"name":"(anonymous_0)","decl":{"start":{"line":5,"column":26},"end":{"line":5,"column":27}},"loc":{"start":{"line":5,"column":46},"end":{"line":13,"column":5}},"line":5},"1":{"name":"(anonymous_1)","decl":{"start":{"line":15,"column":29},"end":{"line":15,"column":30}},"loc":{"start":{"line":15,"column":49},"end":{"line":24,"column":5}},"line":15},"2":{"name":"(anonymous_2)","decl":{"start":{"line":26,"column":24},"end":{"line":26,"column":25}},"loc":{"start":{"line":26,"column":44},"end":{"line":35,"column":5}},"line":26},"3":{"name":"(anonymous_3)","decl":{"start":{"line":37,"column":27},"end":{"line":37,"column":28}},"loc":{"start":{"line":37,"column":47},"end":{"line":47,"column":5}},"line":37},"4":{"name":"(anonymous_4)","decl":{"start":{"line":49,"column":27},"end":{"line":49,"column":28}},"loc":{"start":{"line":49,"column":47},"end":{"line":58,"column":5}},"line":49}},"branchMap":{},"s":{"0":3,"1":1,"2":1,"3":1,"4":0,"5":0,"6":3,"7":1,"8":1,"9":1,"10":1,"11":0,"12":0,"13":3,"14":1,"15":1,"16":1,"17":1,"18":0,"19":0,"20":3,"21":1,"22":1,"23":1,"24":1,"25":1,"26":0,"27":0,"28":3,"29":1,"30":1,"31":1,"32":1,"33":0,"34":0},"f":{"0":1,"1":1,"2":1,"3":1,"4":1},"b":{},"_coverageSchema":"1a1c01bbd47fc00a2c39e90264f33305004495a9","hash":"2f6eb413d59f0f0d10ef12a4db0882b4a0d997a2"}
,"/Users/brunorivolta/Dropbox/Projetos/API_FilmeseSeries_Mongo/src/controllers/directorsController.js": {"path":"/Users/brunorivolta/Dropbox/Projetos/API_FilmeseSeries_Mongo/src/controllers/directorsController.js","statementMap":{"0":{"start":{"line":5,"column":27},"end":{"line":13,"column":5}},"1":{"start":{"line":6,"column":8},"end":{"line":12,"column":9}},"2":{"start":{"line":7,"column":33},"end":{"line":7,"column":55}},"3":{"start":{"line":8,"column":12},"end":{"line":8,"column":46}},"4":{"start":{"line":10,"column":12},"end":{"line":10,"column":30}},"5":{"start":{"line":11,"column":12},"end":{"line":11,"column":53}},"6":{"start":{"line":15,"column":30},"end":{"line":24,"column":5}},"7":{"start":{"line":16,"column":8},"end":{"line":23,"column":9}},"8":{"start":{"line":17,"column":23},"end":{"line":17,"column":36}},"9":{"start":{"line":18,"column":29},"end":{"line":18,"column":63}},"10":{"start":{"line":19,"column":12},"end":{"line":19,"column":42}},"11":{"start":{"line":21,"column":12},"end":{"line":21,"column":30}},"12":{"start":{"line":22,"column":12},"end":{"line":22,"column":53}},"13":{"start":{"line":26,"column":25},"end":{"line":35,"column":5}},"14":{"start":{"line":27,"column":8},"end":{"line":34,"column":9}},"15":{"start":{"line":28,"column":32},"end":{"line":28,"column":55}},"16":{"start":{"line":29,"column":12},"end":{"line":29,"column":30}},"17":{"start":{"line":30,"column":12},"end":{"line":30,"column":77}},"18":{"start":{"line":32,"column":12},"end":{"line":32,"column":30}},"19":{"start":{"line":33,"column":12},"end":{"line":33,"column":53}},"20":{"start":{"line":37,"column":28},"end":{"line":47,"column":5}},"21":{"start":{"line":38,"column":8},"end":{"line":46,"column":9}},"22":{"start":{"line":39,"column":23},"end":{"line":39,"column":36}},"23":{"start":{"line":40,"column":27},"end":{"line":40,"column":35}},"24":{"start":{"line":41,"column":35},"end":{"line":41,"column":86}},"25":{"start":{"line":42,"column":12},"end":{"line":42,"column":77}},"26":{"start":{"line":44,"column":12},"end":{"line":44,"column":30}},"27":{"start":{"line":45,"column":12},"end":{"line":45,"column":53}},"28":{"start":{"line":49,"column":28},"end":{"line":58,"column":5}},"29":{"start":{"line":50,"column":8},"end":{"line":57,"column":9}},"30":{"start":{"line":51,"column":23},"end":{"line":51,"column":36}},"31":{"start":{"line":52,"column":35},"end":{"line":52,"column":78}},"32":{"start":{"line":53,"column":12},"end":{"line":53,"column":85}},"33":{"start":{"line":55,"column":12},"end":{"line":55,"column":30}},"34":{"start":{"line":56,"column":12},"end":{"line":56,"column":53}}},"fnMap":{"0":{"name":"(anonymous_0)","decl":{"start":{"line":5,"column":27},"end":{"line":5,"column":28}},"loc":{"start":{"line":5,"column":47},"end":{"line":13,"column":5}},"line":5},"1":{"name":"(anonymous_1)","decl":{"start":{"line":15,"column":30},"end":{"line":15,"column":31}},"loc":{"start":{"line":15,"column":50},"end":{"line":24,"column":5}},"line":15},"2":{"name":"(anonymous_2)","decl":{"start":{"line":26,"column":25},"end":{"line":26,"column":26}},"loc":{"start":{"line":26,"column":45},"end":{"line":35,"column":5}},"line":26},"3":{"name":"(anonymous_3)","decl":{"start":{"line":37,"column":28},"end":{"line":37,"column":29}},"loc":{"start":{"line":37,"column":48},"end":{"line":47,"column":5}},"line":37},"4":{"name":"(anonymous_4)","decl":{"start":{"line":49,"column":28},"end":{"line":49,"column":29}},"loc":{"start":{"line":49,"column":48},"end":{"line":58,"column":5}},"line":49}},"branchMap":{},"s":{"0":3,"1":1,"2":1,"3":1,"4":0,"5":0,"6":3,"7":1,"8":1,"9":1,"10":1,"11":0,"12":0,"13":3,"14":1,"15":1,"16":1,"17":1,"18":0,"19":0,"20":3,"21":1,"22":1,"23":1,"24":1,"25":1,"26":0,"27":0,"28":3,"29":1,"30":1,"31":1,"32":1,"33":0,"34":0},"f":{"0":1,"1":1,"2":1,"3":1,"4":1},"b":{},"_coverageSchema":"1a1c01bbd47fc00a2c39e90264f33305004495a9","hash":"17d9bfd846a42fecbecfcad1e0ac52e831cfe5e6"}
,"/Users/brunorivolta/Dropbox/Projetos/API_FilmeseSeries_Mongo/src/controllers/moviesController.js": {"path":"/Users/brunorivolta/Dropbox/Projetos/API_FilmeseSeries_Mongo/src/controllers/moviesController.js","statementMap":{"0":{"start":{"line":5,"column":24},"end":{"line":13,"column":5}},"1":{"start":{"line":6,"column":8},"end":{"line":12,"column":9}},"2":{"start":{"line":7,"column":30},"end":{"line":7,"column":49}},"3":{"start":{"line":8,"column":12},"end":{"line":8,"column":43}},"4":{"start":{"line":10,"column":12},"end":{"line":10,"column":30}},"5":{"start":{"line":11,"column":12},"end":{"line":11,"column":53}},"6":{"start":{"line":15,"column":27},"end":{"line":24,"column":5}},"7":{"start":{"line":16,"column":8},"end":{"line":23,"column":9}},"8":{"start":{"line":17,"column":23},"end":{"line":17,"column":36}},"9":{"start":{"line":18,"column":26},"end":{"line":18,"column":57}},"10":{"start":{"line":19,"column":12},"end":{"line":19,"column":39}},"11":{"start":{"line":21,"column":12},"end":{"line":21,"column":30}},"12":{"start":{"line":22,"column":12},"end":{"line":22,"column":53}},"13":{"start":{"line":26,"column":22},"end":{"line":35,"column":5}},"14":{"start":{"line":27,"column":8},"end":{"line":34,"column":9}},"15":{"start":{"line":28,"column":29},"end":{"line":28,"column":49}},"16":{"start":{"line":29,"column":12},"end":{"line":29,"column":27}},"17":{"start":{"line":30,"column":12},"end":{"line":30,"column":75}},"18":{"start":{"line":32,"column":12},"end":{"line":32,"column":30}},"19":{"start":{"line":33,"column":12},"end":{"line":33,"column":53}},"20":{"start":{"line":37,"column":25},"end":{"line":47,"column":5}},"21":{"start":{"line":38,"column":8},"end":{"line":46,"column":9}},"22":{"start":{"line":39,"column":23},"end":{"line":39,"column":36}},"23":{"start":{"line":40,"column":27},"end":{"line":40,"column":35}},"24":{"start":{"line":41,"column":32},"end":{"line":41,"column":80}},"25":{"start":{"line":42,"column":12},"end":{"line":42,"column":75}},"26":{"start":{"line":44,"column":12},"end":{"line":44,"column":30}},"27":{"start":{"line":45,"column":12},"end":{"line":45,"column":53}},"28":{"start":{"line":49,"column":25},"end":{"line":58,"column":5}},"29":{"start":{"line":50,"column":8},"end":{"line":57,"column":9}},"30":{"start":{"line":51,"column":23},"end":{"line":51,"column":36}},"31":{"start":{"line":52,"column":32},"end":{"line":52,"column":72}},"32":{"start":{"line":53,"column":12},"end":{"line":53,"column":83}},"33":{"start":{"line":55,"column":12},"end":{"line":55,"column":30}},"34":{"start":{"line":56,"column":12},"end":{"line":56,"column":53}}},"fnMap":{"0":{"name":"(anonymous_0)","decl":{"start":{"line":5,"column":24},"end":{"line":5,"column":25}},"loc":{"start":{"line":5,"column":44},"end":{"line":13,"column":5}},"line":5},"1":{"name":"(anonymous_1)","decl":{"start":{"line":15,"column":27},"end":{"line":15,"column":28}},"loc":{"start":{"line":15,"column":47},"end":{"line":24,"column":5}},"line":15},"2":{"name":"(anonymous_2)","decl":{"start":{"line":26,"column":22},"end":{"line":26,"column":23}},"loc":{"start":{"line":26,"column":42},"end":{"line":35,"column":5}},"line":26},"3":{"name":"(anonymous_3)","decl":{"start":{"line":37,"column":25},"end":{"line":37,"column":26}},"loc":{"start":{"line":37,"column":45},"end":{"line":47,"column":5}},"line":37},"4":{"name":"(anonymous_4)","decl":{"start":{"line":49,"column":25},"end":{"line":49,"column":26}},"loc":{"start":{"line":49,"column":45},"end":{"line":58,"column":5}},"line":49}},"branchMap":{},"s":{"0":3,"1":1,"2":1,"3":1,"4":0,"5":0,"6":3,"7":1,"8":1,"9":1,"10":1,"11":0,"12":0,"13":3,"14":1,"15":1,"16":1,"17":1,"18":0,"19":0,"20":3,"21":1,"22":1,"23":1,"24":1,"25":1,"26":0,"27":0,"28":3,"29":1,"30":1,"31":1,"32":1,"33":0,"34":0},"f":{"0":1,"1":1,"2":1,"3":1,"4":1},"b":{},"_coverageSchema":"1a1c01bbd47fc00a2c39e90264f33305004495a9","hash":"6cdc7ba0de9a5c7c13250abc7891e54a15813673"}
,"/Users/brunorivolta/Dropbox/Projetos/API_FilmeseSeries_Mongo/src/models/Channels.js": {"path":"/Users/brunorivolta/Dropbox/Projetos/API_FilmeseSeries_Mongo/src/models/Channels.js","statementMap":{"0":{"start":{"line":3,"column":23},"end":{"line":9,"column":1}},"1":{"start":{"line":11,"column":15},"end":{"line":11,"column":57}}},"fnMap":{},"branchMap":{},"s":{"0":3,"1":3},"f":{},"b":{},"_coverageSchema":"1a1c01bbd47fc00a2c39e90264f33305004495a9","hash":"aba731bc4307d5147744fa28deb17fcd16873ba7"}
,"/Users/brunorivolta/Dropbox/Projetos/API_FilmeseSeries_Mongo/src/models/Directors.js": {"path":"/Users/brunorivolta/Dropbox/Projetos/API_FilmeseSeries_Mongo/src/models/Directors.js","statementMap":{"0":{"start":{"line":3,"column":24},"end":{"line":10,"column":1}},"1":{"start":{"line":12,"column":16},"end":{"line":12,"column":60}}},"fnMap":{},"branchMap":{},"s":{"0":3,"1":3},"f":{},"b":{},"_coverageSchema":"1a1c01bbd47fc00a2c39e90264f33305004495a9","hash":"21f586d86d2db72bed0ab11033b2ba38878ae117"}
,"/Users/brunorivolta/Dropbox/Projetos/API_FilmeseSeries_Mongo/src/models/Movies.js": {"path":"/Users/brunorivolta/Dropbox/Projetos/API_FilmeseSeries_Mongo/src/models/Movies.js","statementMap":{"0":{"start":{"line":3,"column":21},"end":{"line":13,"column":1}},"1":{"start":{"line":15,"column":13},"end":{"line":15,"column":51}}},"fnMap":{},"branchMap":{},"s":{"0":3,"1":3},"f":{},"b":{},"_coverageSchema":"1a1c01bbd47fc00a2c39e90264f33305004495a9","hash":"bdc22ddab0eaf735eeb720d24e472af55319da2e"}
,"/Users/brunorivolta/Dropbox/Projetos/API_FilmeseSeries_Mongo/src/routes/channelsRoutes.js": {"path":"/Users/brunorivolta/Dropbox/Projetos/API_FilmeseSeries_Mongo/src/routes/channelsRoutes.js","statementMap":{"0":{"start":{"line":4,"column":15},"end":{"line":4,"column":31}},"1":{"start":{"line":6,"column":0},"end":{"line":11,"column":59}}},"fnMap":{},"branchMap":{},"s":{"0":3,"1":3},"f":{},"b":{},"_coverageSchema":"1a1c01bbd47fc00a2c39e90264f33305004495a9","hash":"a0f27ac162735582592be57f358ca9aa898dd0b8"}
,"/Users/brunorivolta/Dropbox/Projetos/API_FilmeseSeries_Mongo/src/routes/directorsRoutes.js": {"path":"/Users/brunorivolta/Dropbox/Projetos/API_FilmeseSeries_Mongo/src/routes/directorsRoutes.js","statementMap":{"0":{"start":{"line":4,"column":15},"end":{"line":4,"column":31}},"1":{"start":{"line":6,"column":0},"end":{"line":11,"column":64}}},"fnMap":{},"branchMap":{},"s":{"0":3,"1":3},"f":{},"b":{},"_coverageSchema":"1a1c01bbd47fc00a2c39e90264f33305004495a9","hash":"f8cd04576471744bc9296a8aa90a4f5ce00d233f"}
,"/Users/brunorivolta/Dropbox/Projetos/API_FilmeseSeries_Mongo/src/routes/index.js": {"path":"/Users/brunorivolta/Dropbox/Projetos/API_FilmeseSeries_Mongo/src/routes/index.js","statementMap":{"0":{"start":{"line":7,"column":15},"end":{"line":18,"column":1}},"1":{"start":{"line":8,"column":4},"end":{"line":10,"column":6}},"2":{"start":{"line":9,"column":8},"end":{"line":9,"column":63}},"3":{"start":{"line":12,"column":4},"end":{"line":17,"column":5}}},"fnMap":{"0":{"name":"(anonymous_0)","decl":{"start":{"line":7,"column":15},"end":{"line":7,"column":16}},"loc":{"start":{"line":7,"column":22},"end":{"line":18,"column":1}},"line":7},"1":{"name":"(anonymous_1)","decl":{"start":{"line":8,"column":23},"end":{"line":8,"column":24}},"loc":{"start":{"line":8,"column":37},"end":{"line":10,"column":5}},"line":8}},"branchMap":{},"s":{"0":3,"1":3,"2":0,"3":3},"f":{"0":3,"1":0},"b":{},"_coverageSchema":"1a1c01bbd47fc00a2c39e90264f33305004495a9","hash":"eb7e67f49c4c22e01f270256f52788da3419ab2e"}
,"/Users/brunorivolta/Dropbox/Projetos/API_FilmeseSeries_Mongo/src/routes/moviesRoutes.js": {"path":"/Users/brunorivolta/Dropbox/Projetos/API_FilmeseSeries_Mongo/src/routes/moviesRoutes.js","statementMap":{"0":{"start":{"line":4,"column":15},"end":{"line":4,"column":31}},"1":{"start":{"line":6,"column":0},"end":{"line":11,"column":56}}},"fnMap":{},"branchMap":{},"s":{"0":3,"1":3},"f":{},"b":{},"_coverageSchema":"1a1c01bbd47fc00a2c39e90264f33305004495a9","hash":"9fd100a6cbf758b2207841d2e3081e14f6224bed"}
}
